<?xml version="1.0" encoding="UTF-8"?>
<!-- Generated by org.testng.reporters.JUnitReportReporter -->
<testsuite hostname="Payels-MacBook-Air.local" failures="0" tests="2" name="CookiesAndHeaders" time="1.638" errors="0" timestamp="2023-12-06T20:28:52 CST" skipped="0">
  <testcase classname="CookiesAndHeaders" name="testCookies" time="1.162"/>
  <testcase classname="CookiesAndHeaders" name="getCookies" time="0.476"/>
</testsuite> <!-- CookiesAndHeaders -->
