<?xml version="1.0" encoding="UTF-8"?>
<!-- Generated by org.testng.reporters.JUnitReportReporter -->
<testsuite hostname="Payels-MacBook-Air.local" failures="0" tests="2" name="Practice.ParsingJSONResponse" time="1.704" errors="0" timestamp="2023-12-07T22:48:55 CST" skipped="0">
  <testcase classname="Practice.ParsingJSONResponse" name="testJSONResponse2" time="1.347"/>
  <testcase classname="Practice.ParsingJSONResponse" name="getLastNameFromJSONResponse" time="0.357"/>
</testsuite> <!-- Practice.ParsingJSONResponse -->
