<?xml version="1.0" encoding="UTF-8"?>
<!-- Generated by org.testng.reporters.JUnitReportReporter -->
<testsuite hostname="Payels-MacBook-Air.local" failures="0" tests="2" name="Practice.CookiesAndHeaders" time="1.082" errors="0" timestamp="2024-02-11T01:13:54 CST" skipped="0">
  <testcase classname="Practice.CookiesAndHeaders" name="testCookies" time="0.873"/>
  <testcase classname="Practice.CookiesAndHeaders" name="getCookies" time="0.209"/>
</testsuite> <!-- Practice.CookiesAndHeaders -->
