<?xml version="1.0" encoding="UTF-8"?>
<!-- Generated by org.testng.reporters.JUnitReportReporter -->
<testsuite hostname="Payels-Air.attlocal.net" failures="0" tests="1" name="Practice.ParsingXMLResponse" time="1.484" errors="0" timestamp="2023-12-15T12:25:41 CST" skipped="0">
  <testcase classname="Practice.ParsingXMLResponse" name="parsingXMLResponseUsingXMLPath" time="1.484"/>
</testsuite> <!-- Practice.ParsingXMLResponse -->
