<?xml version="1.0" encoding="UTF-8"?>
<!-- Generated by org.testng.reporters.JUnitReportReporter -->
<testsuite hostname="Payels-MacBook-Air.local" failures="0" tests="4" name="HttpRequest" time="2.167" errors="0" timestamp="2023-12-01T17:23:46 CST" skipped="0">
  <testcase classname="HttpRequest" name="getUsers" time="0.688"/>
  <testcase classname="HttpRequest" name="createUser" time="0.680"/>
  <testcase classname="HttpRequest" name="updateUser" time="0.385"/>
  <testcase classname="HttpRequest" name="deleteUser" time="0.414"/>
</testsuite> <!-- HttpRequest -->
