<?xml version="1.0" encoding="UTF-8"?>
<!-- Generated by org.testng.reporters.JUnitReportReporter -->
<testsuite hostname="Payels-MacBook-Air.local" failures="0" tests="2" name="DifferentWaysToCreatePostRequest" time="0.844" errors="0" timestamp="2023-12-05T23:22:45 CST" skipped="0">
  <testcase classname="DifferentWaysToCreatePostRequest" name="usingExternalJSONFile" time="0.829"/>
  <testcase classname="DifferentWaysToCreatePostRequest" name="deleteUser" time="0.015"/>
</testsuite> <!-- DifferentWaysToCreatePostRequest -->
