<?xml version="1.0" encoding="UTF-8"?>
<!-- Generated by org.testng.reporters.JUnitReportReporter -->
<testsuite hostname="Payels-MacBook-Air.local" failures="0" tests="1" name="Practice.UploadFile" time="0.909" errors="0" timestamp="2023-12-15T17:00:41 CST" skipped="0">
  <testcase classname="Practice.UploadFile" name="uploadFile" time="0.909"/>
</testsuite> <!-- Practice.UploadFile -->
